<?xml version="1.0" encoding="UTF-8"?>
<!-- Generated by org.testng.reporters.JUnitXMLReporter -->
<testsuite ignored="2" hostname="DESKTOP-ACCIQVM" failures="0" tests="1" name="Default test" time="1.576" errors="0" timestamp="2022-02-03T07:29:44 NPT">
  <testcase classname="mecuryToursTest.MecuryToursTests" name="test1" time="0.003"/>
  <testcase classname="mecuryToursTest.MecuryToursTests" name="test2" time="0.0">
    <ignored/>
  </testcase> <!-- test2 -->
  <testcase classname="mecuryToursTest.MecuryToursTests" name="loginTest" time="0.0">
    <ignored/>
  </testcase> <!-- loginTest -->
</testsuite> <!-- Default test -->
