<?xml version="1.0" encoding="UTF-8"?>
<testng-results ignored="0" total="2" passed="1" failed="1" skipped="0">
  <reporter-output>
  </reporter-output>
  <suite started-at="2022-03-10T21:20:23 NPT" name="Suite" finished-at="2022-03-10T21:20:43 NPT" duration-ms="20389">
    <groups>
    </groups>
    <test started-at="2022-03-10T21:20:23 NPT" name="Test" finished-at="2022-03-10T21:20:43 NPT" duration-ms="20389">
      <class name="day20.SeleniumDay20.AppTest">
        <test-method is-config="true" signature="setup()[pri:0, instance:day20.SeleniumDay20.AppTest@52bf72b5]" started-at="2022-03-10T21:20:23 NPT" name="setup" finished-at="2022-03-10T21:20:23 NPT" duration-ms="184" status="PASS">
          <reporter-output>
          </reporter-output>
        </test-method> <!-- setup -->
        <test-method is-config="true" signature="beforeMethod()[pri:0, instance:day20.SeleniumDay20.AppTest@52bf72b5]" started-at="2022-03-10T21:20:23 NPT" name="beforeMethod" finished-at="2022-03-10T21:20:26 NPT" duration-ms="3123" status="PASS">
          <reporter-output>
          </reporter-output>
        </test-method> <!-- beforeMethod -->
        <test-method signature="downloadTest()[pri:0, instance:day20.SeleniumDay20.AppTest@52bf72b5]" started-at="2022-03-10T21:20:26 NPT" name="downloadTest" finished-at="2022-03-10T21:20:31 NPT" duration-ms="4544" status="FAIL">
          <exception class="java.lang.NullPointerException">
            <message>
              <![CDATA[Cannot invoke "org.openqa.selenium.SearchContext.findElement(org.openqa.selenium.By)" because "this.searchContext" is null]]>
            </message>
            <full-stacktrace>
              <![CDATA[java.lang.NullPointerException: Cannot invoke "org.openqa.selenium.SearchContext.findElement(org.openqa.selenium.By)" because "this.searchContext" is null
at org.openqa.selenium.support.pagefactory.DefaultElementLocator.findElement(DefaultElementLocator.java:70)
at org.openqa.selenium.support.pagefactory.internal.LocatingElementHandler.invoke(LocatingElementHandler.java:39)
at jdk.proxy2/jdk.proxy2.$Proxy19.getText(Unknown Source)
at pageObjects.InternetDownloadPage.download(InternetDownloadPage.java:28)
at day20.SeleniumDay20.AppTest.downloadTest(AppTest.java:135)
at java.base/jdk.internal.reflect.NativeMethodAccessorImpl.invoke0(Native Method)
at java.base/jdk.internal.reflect.NativeMethodAccessorImpl.invoke(NativeMethodAccessorImpl.java:78)
at java.base/jdk.internal.reflect.DelegatingMethodAccessorImpl.invoke(DelegatingMethodAccessorImpl.java:43)
at java.base/java.lang.reflect.Method.invoke(Method.java:567)
at org.testng.internal.invokers.MethodInvocationHelper.invokeMethod(MethodInvocationHelper.java:135)
at org.testng.internal.invokers.TestInvoker.invokeMethod(TestInvoker.java:673)
at org.testng.internal.invokers.TestInvoker.invokeTestMethod(TestInvoker.java:220)
at org.testng.internal.invokers.MethodRunner.runInSequence(MethodRunner.java:50)
at org.testng.internal.invokers.TestInvoker$MethodInvocationAgent.invoke(TestInvoker.java:945)
at org.testng.internal.invokers.TestInvoker.invokeTestMethods(TestInvoker.java:193)
at org.testng.internal.invokers.TestMethodWorker.invokeTestMethods(TestMethodWorker.java:146)
at org.testng.internal.invokers.TestMethodWorker.run(TestMethodWorker.java:128)
at java.base/java.util.ArrayList.forEach(ArrayList.java:1511)
at org.testng.TestRunner.privateRun(TestRunner.java:808)
at org.testng.TestRunner.run(TestRunner.java:603)
at org.testng.SuiteRunner.runTest(SuiteRunner.java:429)
at org.testng.SuiteRunner.runSequentially(SuiteRunner.java:423)
at org.testng.SuiteRunner.privateRun(SuiteRunner.java:383)
at org.testng.SuiteRunner.run(SuiteRunner.java:326)
at org.testng.SuiteRunnerWorker.runSuite(SuiteRunnerWorker.java:52)
at org.testng.SuiteRunnerWorker.run(SuiteRunnerWorker.java:95)
at org.testng.TestNG.runSuitesSequentially(TestNG.java:1249)
at org.testng.TestNG.runSuitesLocally(TestNG.java:1169)
at org.testng.TestNG.runSuites(TestNG.java:1092)
at org.testng.TestNG.run(TestNG.java:1060)
at org.testng.remote.AbstractRemoteTestNG.run(AbstractRemoteTestNG.java:115)
at org.testng.remote.RemoteTestNG.initAndRun(RemoteTestNG.java:251)
at org.testng.remote.RemoteTestNG.main(RemoteTestNG.java:77)
]]>
            </full-stacktrace>
          </exception> <!-- java.lang.NullPointerException -->
          <reporter-output>
          </reporter-output>
        </test-method> <!-- downloadTest -->
        <test-method is-config="true" signature="afterMethod()[pri:0, instance:day20.SeleniumDay20.AppTest@52bf72b5]" started-at="2022-03-10T21:20:31 NPT" name="afterMethod" finished-at="2022-03-10T21:20:31 NPT" duration-ms="665" status="PASS">
          <reporter-output>
          </reporter-output>
        </test-method> <!-- afterMethod -->
        <test-method is-config="true" signature="beforeMethod()[pri:0, instance:day20.SeleniumDay20.AppTest@52bf72b5]" started-at="2022-03-10T21:20:31 NPT" name="beforeMethod" finished-at="2022-03-10T21:20:34 NPT" duration-ms="2517" status="PASS">
          <reporter-output>
          </reporter-output>
        </test-method> <!-- beforeMethod -->
        <test-method signature="uploadTest()[pri:0, instance:day20.SeleniumDay20.AppTest@52bf72b5]" started-at="2022-03-10T21:20:34 NPT" name="uploadTest" finished-at="2022-03-10T21:20:42 NPT" duration-ms="8533" status="PASS">
          <reporter-output>
          </reporter-output>
        </test-method> <!-- uploadTest -->
        <test-method is-config="true" signature="afterMethod()[pri:0, instance:day20.SeleniumDay20.AppTest@52bf72b5]" started-at="2022-03-10T21:20:42 NPT" name="afterMethod" finished-at="2022-03-10T21:20:43 NPT" duration-ms="556" status="PASS">
          <reporter-output>
          </reporter-output>
        </test-method> <!-- afterMethod -->
        <test-method is-config="true" signature="teardown()[pri:0, instance:day20.SeleniumDay20.AppTest@52bf72b5]" started-at="2022-03-10T21:20:43 NPT" name="teardown" finished-at="2022-03-10T21:20:43 NPT" duration-ms="240" status="PASS">
          <reporter-output>
          </reporter-output>
        </test-method> <!-- teardown -->
      </class> <!-- day20.SeleniumDay20.AppTest -->
    </test> <!-- Test -->
  </suite> <!-- Suite -->
</testng-results>
