<?xml version="1.0" encoding="UTF-8"?>
<testng-results ignored="1" total="2" passed="1" failed="0" skipped="0">
  <reporter-output>
  </reporter-output>
  <suite started-at="2022-02-09T07:50:31 NPT" name="Default suite" finished-at="2022-02-09T07:50:39 NPT" duration-ms="8041">
    <groups>
    </groups>
    <test started-at="2022-02-09T07:50:31 NPT" name="Default test" finished-at="2022-02-09T07:50:39 NPT" duration-ms="8041">
      <class name="day7.SeleniumDay7.Runner">
        <test-method is-config="true" signature="setup()[pri:0, instance:day7.SeleniumDay7.Runner@222545dc]" started-at="2022-02-09T07:50:31 NPT" name="setup" finished-at="2022-02-09T07:50:31 NPT" duration-ms="193" status="PASS">
          <reporter-output>
          </reporter-output>
        </test-method> <!-- setup -->
        <test-method is-config="true" signature="beforeMethod()[pri:0, instance:day7.SeleniumDay7.Runner@222545dc]" started-at="2022-02-09T07:50:31 NPT" name="beforeMethod" finished-at="2022-02-09T07:50:33 NPT" duration-ms="1481" status="PASS">
          <reporter-output>
          </reporter-output>
        </test-method> <!-- beforeMethod -->
        <test-method signature="loginTest()[pri:1, instance:day7.SeleniumDay7.Runner@222545dc]" started-at="2022-02-09T07:50:33 NPT" name="loginTest" finished-at="2022-02-09T07:50:39 NPT" duration-ms="5920" status="PASS">
          <reporter-output>
          </reporter-output>
        </test-method> <!-- loginTest -->
        <test-method is-config="true" signature="afterMethod()[pri:0, instance:day7.SeleniumDay7.Runner@222545dc]" started-at="2022-02-09T07:50:39 NPT" name="afterMethod" finished-at="2022-02-09T07:50:39 NPT" duration-ms="196" status="PASS">
          <reporter-output>
          </reporter-output>
        </test-method> <!-- afterMethod -->
        <test-method is-config="true" signature="teardown()[pri:0, instance:day7.SeleniumDay7.Runner@222545dc]" started-at="2022-02-09T07:50:39 NPT" name="teardown" finished-at="2022-02-09T07:50:39 NPT" duration-ms="227" status="PASS">
          <reporter-output>
          </reporter-output>
        </test-method> <!-- teardown -->
      </class> <!-- day7.SeleniumDay7.Runner -->
    </test> <!-- Default test -->
  </suite> <!-- Default suite -->
</testng-results>
