<?xml version="1.0" encoding="UTF-8"?>
<testng-results ignored="1" total="2" passed="1" failed="0" skipped="0">
  <reporter-output>
  </reporter-output>
  <suite started-at="2022-03-11T07:49:32 NPT" name="Default suite" finished-at="2022-03-11T07:49:46 NPT" duration-ms="14246">
    <groups>
    </groups>
    <test started-at="2022-03-11T07:49:32 NPT" name="Default test" finished-at="2022-03-11T07:49:46 NPT" duration-ms="14246">
      <class name="day21.SeleniumDay21.AppTest">
        <test-method is-config="true" signature="setup()[pri:0, instance:day21.SeleniumDay21.AppTest@222545dc]" started-at="2022-03-11T07:49:32 NPT" name="setup" finished-at="2022-03-11T07:49:32 NPT" duration-ms="173" status="PASS">
          <reporter-output>
          </reporter-output>
        </test-method> <!-- setup -->
        <test-method is-config="true" signature="beforeMethod()[pri:0, instance:day21.SeleniumDay21.AppTest@222545dc]" started-at="2022-03-11T07:49:32 NPT" name="beforeMethod" finished-at="2022-03-11T07:49:35 NPT" duration-ms="3071" status="PASS">
          <reporter-output>
          </reporter-output>
        </test-method> <!-- beforeMethod -->
        <test-method signature="clickUsingRobot()[pri:0, instance:day21.SeleniumDay21.AppTest@222545dc]" started-at="2022-03-11T07:49:35 NPT" name="clickUsingRobot" finished-at="2022-03-11T07:49:45 NPT" duration-ms="10170" status="PASS">
          <reporter-output>
          </reporter-output>
        </test-method> <!-- clickUsingRobot -->
        <test-method is-config="true" signature="afterMethod()[pri:0, instance:day21.SeleniumDay21.AppTest@222545dc]" started-at="2022-03-11T07:49:45 NPT" name="afterMethod" finished-at="2022-03-11T07:49:46 NPT" duration-ms="600" status="PASS">
          <reporter-output>
          </reporter-output>
        </test-method> <!-- afterMethod -->
        <test-method is-config="true" signature="teardown()[pri:0, instance:day21.SeleniumDay21.AppTest@222545dc]" started-at="2022-03-11T07:49:46 NPT" name="teardown" finished-at="2022-03-11T07:49:46 NPT" duration-ms="211" status="PASS">
          <reporter-output>
          </reporter-output>
        </test-method> <!-- teardown -->
      </class> <!-- day21.SeleniumDay21.AppTest -->
    </test> <!-- Default test -->
  </suite> <!-- Default suite -->
</testng-results>
