<?xml version="1.0" encoding="UTF-8"?>
<testng-results ignored="1" total="2" passed="1" failed="0" skipped="0">
  <reporter-output>
  </reporter-output>
  <suite started-at="2022-03-05T07:32:12 NPT" name="Default suite" finished-at="2022-03-05T07:32:30 NPT" duration-ms="17936">
    <groups>
    </groups>
    <test started-at="2022-03-05T07:32:12 NPT" name="Default test" finished-at="2022-03-05T07:32:30 NPT" duration-ms="17936">
      <class name="day15.SeleniumDay15.Main">
        <test-method is-config="true" signature="setup()[pri:0, instance:day15.SeleniumDay15.Main@222545dc]" started-at="2022-03-05T07:32:12 NPT" name="setup" finished-at="2022-03-05T07:32:12 NPT" duration-ms="167" status="PASS">
          <reporter-output>
          </reporter-output>
        </test-method> <!-- setup -->
        <test-method is-config="true" signature="beforeMethod()[pri:0, instance:day15.SeleniumDay15.Main@222545dc]" started-at="2022-03-05T07:32:12 NPT" name="beforeMethod" finished-at="2022-03-05T07:32:14 NPT" duration-ms="1416" status="PASS">
          <reporter-output>
          </reporter-output>
        </test-method> <!-- beforeMethod -->
        <test-method signature="handleIframes2()[pri:0, instance:day15.SeleniumDay15.Main@222545dc]" started-at="2022-03-05T07:32:14 NPT" name="handleIframes2" finished-at="2022-03-05T07:32:30 NPT" duration-ms="15899" status="PASS">
          <reporter-output>
          </reporter-output>
        </test-method> <!-- handleIframes2 -->
        <test-method is-config="true" signature="afterMethod()[pri:0, instance:day15.SeleniumDay15.Main@222545dc]" started-at="2022-03-05T07:32:30 NPT" name="afterMethod" finished-at="2022-03-05T07:32:30 NPT" duration-ms="178" status="PASS">
          <reporter-output>
          </reporter-output>
        </test-method> <!-- afterMethod -->
        <test-method is-config="true" signature="teardown()[pri:0, instance:day15.SeleniumDay15.Main@222545dc]" started-at="2022-03-05T07:32:30 NPT" name="teardown" finished-at="2022-03-05T07:32:30 NPT" duration-ms="254" status="PASS">
          <reporter-output>
          </reporter-output>
        </test-method> <!-- teardown -->
      </class> <!-- day15.SeleniumDay15.Main -->
    </test> <!-- Default test -->
  </suite> <!-- Default suite -->
</testng-results>
