<?xml version="1.0" encoding="UTF-8"?>
<!-- Generated by org.testng.reporters.JUnitXMLReporter -->
<testsuite ignored="0" hostname="DESKTOP-ACCIQVM" failures="0" tests="8" name="Default test" time="20.021" errors="0" timestamp="2022-02-05T07:06:06 NPT">
  <testcase classname="tests.TestNGDependencies" name="test4" time="0.003"/>
  <testcase classname="tests.TestNGDependencies" name="test5" time="0.001"/>
  <testcase classname="tests.TestNGDependencies" name="test6" time="0.001"/>
  <testcase classname="tests.TestNGDependencies" name="test7" time="0.001"/>
  <testcase classname="tests.TestNGDependencies" name="test8" time="0.001"/>
  <testcase classname="tests.TestNGDependencies" name="test3" time="0.001"/>
  <testcase classname="tests.TestNGDependencies" name="test1" time="0.0"/>
  <testcase classname="tests.TestNGDependencies" name="test2" time="0.001"/>
</testsuite> <!-- Default test -->
