<?xml version="1.0" encoding="UTF-8"?>
<!-- Generated by org.testng.reporters.JUnitXMLReporter -->
<testsuite ignored="2" hostname="DESKTOP-ACCIQVM" failures="0" tests="1" name="Default test" time="19.435" errors="0" timestamp="2022-03-15T08:10:03 NPT">
  <testcase classname="lastDay.SeleniumDay23.AppTest" name="writeIntoExcel" time="18.683"/>
  <testcase classname="lastDay.SeleniumDay23.AppTest" name="readFromExcel1" time="0.0">
    <ignored/>
  </testcase> <!-- readFromExcel1 -->
  <testcase classname="lastDay.SeleniumDay23.AppTest" name="readFromExcel2" time="0.0">
    <ignored/>
  </testcase> <!-- readFromExcel2 -->
</testsuite> <!-- Default test -->
