<?xml version="1.0" encoding="UTF-8"?>
<!-- Generated by org.testng.reporters.JUnitXMLReporter -->
<testsuite ignored="1" hostname="DESKTOP-ACCIQVM" failures="0" tests="1" name="Default test" time="17.936" errors="0" timestamp="2022-03-05T07:32:30 NPT">
  <testcase classname="day15.SeleniumDay15.Main" name="handleIframes2" time="15.899"/>
  <testcase classname="day15.SeleniumDay15.Main" name="handleIframes" time="0.0">
    <ignored/>
  </testcase> <!-- handleIframes -->
</testsuite> <!-- Default test -->
