<?xml version="1.0" encoding="UTF-8"?>
<testng-results ignored="0" total="1" passed="1" failed="0" skipped="0">
  <reporter-output>
  </reporter-output>
  <suite started-at="2022-03-12T07:41:57 NPT" name="Suite" finished-at="2022-03-12T07:42:05 NPT" duration-ms="8111">
    <groups>
    </groups>
    <test started-at="2022-03-12T07:41:57 NPT" name="Test" finished-at="2022-03-12T07:42:05 NPT" duration-ms="8111">
      <class name="day22.SeleniumDay22.AppTest">
        <test-method is-config="true" signature="setup()[pri:0, instance:day22.SeleniumDay22.AppTest@223d2c72]" started-at="2022-03-12T07:41:57 NPT" name="setup" finished-at="2022-03-12T07:41:58 NPT" duration-ms="165" status="PASS">
          <reporter-output>
          </reporter-output>
        </test-method> <!-- setup -->
        <test-method is-config="true" signature="beforeMethod()[pri:0, instance:day22.SeleniumDay22.AppTest@223d2c72]" started-at="2022-03-12T07:41:58 NPT" name="beforeMethod" finished-at="2022-03-12T07:42:01 NPT" duration-ms="3068" status="PASS">
          <reporter-output>
          </reporter-output>
        </test-method> <!-- beforeMethod -->
        <test-method signature="googleSearch4(java.lang.String)[pri:0, instance:day22.SeleniumDay22.AppTest@223d2c72]" started-at="2022-03-12T07:42:01 NPT" name="googleSearch4" finished-at="2022-03-12T07:42:05 NPT" duration-ms="3988" status="PASS">
          <params>
            <param index="0">
              <value>
                <![CDATA[msi]]>
              </value>
            </param>
          </params>
          <reporter-output>
          </reporter-output>
        </test-method> <!-- googleSearch4 -->
        <test-method is-config="true" signature="afterMethod()[pri:0, instance:day22.SeleniumDay22.AppTest@223d2c72]" started-at="2022-03-12T07:42:05 NPT" name="afterMethod" finished-at="2022-03-12T07:42:05 NPT" duration-ms="671" status="PASS">
          <reporter-output>
          </reporter-output>
        </test-method> <!-- afterMethod -->
        <test-method is-config="true" signature="teardown()[pri:0, instance:day22.SeleniumDay22.AppTest@223d2c72]" started-at="2022-03-12T07:42:05 NPT" name="teardown" finished-at="2022-03-12T07:42:05 NPT" duration-ms="197" status="PASS">
          <reporter-output>
          </reporter-output>
        </test-method> <!-- teardown -->
      </class> <!-- day22.SeleniumDay22.AppTest -->
    </test> <!-- Test -->
  </suite> <!-- Suite -->
</testng-results>
