<?xml version="1.0" encoding="UTF-8"?>
<testng-results ignored="2" total="3" passed="1" failed="0" skipped="0">
  <reporter-output>
  </reporter-output>
  <suite started-at="2022-02-03T07:29:42 NPT" name="Default suite" finished-at="2022-02-03T07:29:43 NPT" duration-ms="1576">
    <groups>
    </groups>
    <test started-at="2022-02-03T07:29:42 NPT" name="Default test" finished-at="2022-02-03T07:29:43 NPT" duration-ms="1576">
      <class name="mecuryToursTest.MecuryToursTests">
        <test-method is-config="true" signature="beforeTest()[pri:0, instance:mecuryToursTest.MecuryToursTests@52bf72b5]" started-at="2022-02-03T07:29:42 NPT" name="beforeTest" finished-at="2022-02-03T07:29:42 NPT" duration-ms="6" status="PASS">
          <reporter-output>
          </reporter-output>
        </test-method> <!-- beforeTest -->
        <test-method is-config="true" signature="beforeClass()[pri:0, instance:mecuryToursTest.MecuryToursTests@52bf72b5]" started-at="2022-02-03T07:29:42 NPT" name="beforeClass" finished-at="2022-02-03T07:29:42 NPT" duration-ms="1" status="PASS">
          <reporter-output>
          </reporter-output>
        </test-method> <!-- beforeClass -->
        <test-method is-config="true" signature="beforeMethod()[pri:0, instance:mecuryToursTest.MecuryToursTests@52bf72b5]" started-at="2022-02-03T07:29:42 NPT" name="beforeMethod" finished-at="2022-02-03T07:29:43 NPT" duration-ms="1354" status="PASS">
          <reporter-output>
          </reporter-output>
        </test-method> <!-- beforeMethod -->
        <test-method signature="test1()[pri:3, instance:mecuryToursTest.MecuryToursTests@52bf72b5]" started-at="2022-02-03T07:29:43 NPT" name="test1" finished-at="2022-02-03T07:29:43 NPT" duration-ms="3" status="PASS">
          <reporter-output>
          </reporter-output>
        </test-method> <!-- test1 -->
        <test-method is-config="true" signature="afterMethod()[pri:0, instance:mecuryToursTest.MecuryToursTests@52bf72b5]" started-at="2022-02-03T07:29:43 NPT" name="afterMethod" finished-at="2022-02-03T07:29:43 NPT" duration-ms="178" status="PASS">
          <reporter-output>
          </reporter-output>
        </test-method> <!-- afterMethod -->
        <test-method is-config="true" signature="afterClass()[pri:0, instance:mecuryToursTest.MecuryToursTests@52bf72b5]" started-at="2022-02-03T07:29:43 NPT" name="afterClass" finished-at="2022-02-03T07:29:43 NPT" duration-ms="1" status="PASS">
          <reporter-output>
          </reporter-output>
        </test-method> <!-- afterClass -->
        <test-method is-config="true" signature="afterTest()[pri:0, instance:mecuryToursTest.MecuryToursTests@52bf72b5]" started-at="2022-02-03T07:29:43 NPT" name="afterTest" finished-at="2022-02-03T07:29:43 NPT" duration-ms="0" status="PASS">
          <reporter-output>
          </reporter-output>
        </test-method> <!-- afterTest -->
      </class> <!-- mecuryToursTest.MecuryToursTests -->
    </test> <!-- Default test -->
  </suite> <!-- Default suite -->
</testng-results>
