<?xml version="1.0" encoding="UTF-8"?>
<!-- Generated by org.testng.reporters.JUnitXMLReporter -->
<testsuite ignored="1" hostname="DESKTOP-ACCIQVM" failures="0" tests="1" name="Default test" time="23.279" errors="0" timestamp="2022-03-10T21:17:16 NPT">
  <testcase classname="day20.SeleniumDay20.AppTest" name="downloadTest" time="19.065"/>
  <testcase classname="day20.SeleniumDay20.AppTest" name="uploadTest" time="0.0">
    <ignored/>
  </testcase> <!-- uploadTest -->
</testsuite> <!-- Default test -->
