<?xml version="1.0" encoding="UTF-8"?>
<!-- Generated by org.testng.reporters.JUnitXMLReporter -->
<testsuite ignored="1" hostname="DESKTOP-ACCIQVM" failures="0" tests="1" name="Default test" time="14.246" errors="0" timestamp="2022-03-11T07:49:46 NPT">
  <testcase classname="day21.SeleniumDay21.AppTest" name="clickUsingRobot" time="10.17"/>
  <testcase classname="day21.SeleniumDay21.AppTest" name="handleAuthUsingRobot" time="0.0">
    <ignored/>
  </testcase> <!-- handleAuthUsingRobot -->
</testsuite> <!-- Default test -->
