<?xml version="1.0" encoding="UTF-8"?>
<!-- Generated by org.testng.reporters.JUnitXMLReporter -->
<testsuite ignored="2" hostname="DESKTOP-ACCIQVM" failures="0" tests="1" name="Default test" time="15.11" errors="0" timestamp="2022-02-16T07:14:54 NPT">
  <testcase classname="day9.SeleniumDay9.Runner" name="verifyLogin" time="13.003"/>
  <testcase classname="day9.SeleniumDay9.Runner" name="createToDo2" time="0.0">
    <ignored/>
  </testcase> <!-- createToDo2 -->
  <testcase classname="day9.SeleniumDay9.Runner" name="createToDo" time="0.0">
    <ignored/>
  </testcase> <!-- createToDo -->
</testsuite> <!-- Default test -->
