<?xml version="1.0" encoding="UTF-8"?>
<!-- Generated by org.testng.reporters.JUnitXMLReporter -->
<testsuite ignored="1" hostname="DESKTOP-ACCIQVM" failures="0" tests="1" name="Default test" time="16.753" errors="0" timestamp="2022-03-05T08:04:16 NPT">
  <testcase classname="day15.SeleniumDay15.Main" name="handleAuthPopups" time="14.834"/>
  <testcase classname="day15.SeleniumDay15.Main" name="handleAuthPopupsUsingURL" time="0.0">
    <ignored/>
  </testcase> <!-- handleAuthPopupsUsingURL -->
</testsuite> <!-- Default test -->
