<?xml version="1.0" encoding="UTF-8"?>
<testng-results ignored="0" total="1" passed="1" failed="0" skipped="0">
  <reporter-output>
  </reporter-output>
  <suite started-at="2022-02-19T07:11:54 NPT" name="Default suite" finished-at="2022-02-19T07:11:58 NPT" duration-ms="4060">
    <groups>
    </groups>
    <test started-at="2022-02-19T07:11:54 NPT" name="Default test" finished-at="2022-02-19T07:11:58 NPT" duration-ms="4060">
      <class name="day12.SeleniumDay12.TestApp">
        <test-method is-config="true" signature="setup()[pri:0, instance:day12.SeleniumDay12.TestApp@6ae5aa72]" started-at="2022-02-19T07:11:54 NPT" name="setup" finished-at="2022-02-19T07:11:54 NPT" duration-ms="176" status="PASS">
          <reporter-output>
          </reporter-output>
        </test-method> <!-- setup -->
        <test-method is-config="true" signature="beforeMethod()[pri:0, instance:day12.SeleniumDay12.TestApp@6ae5aa72]" started-at="2022-02-19T07:11:54 NPT" name="beforeMethod" finished-at="2022-02-19T07:11:56 NPT" duration-ms="1309" status="PASS">
          <reporter-output>
          </reporter-output>
        </test-method> <!-- beforeMethod -->
        <test-method signature="workingWithTables()[pri:0, instance:day12.SeleniumDay12.TestApp@6ae5aa72]" started-at="2022-02-19T07:11:56 NPT" name="workingWithTables" finished-at="2022-02-19T07:11:58 NPT" duration-ms="2076" status="PASS">
          <reporter-output>
          </reporter-output>
        </test-method> <!-- workingWithTables -->
        <test-method is-config="true" signature="afterMethod()[pri:0, instance:day12.SeleniumDay12.TestApp@6ae5aa72]" started-at="2022-02-19T07:11:58 NPT" name="afterMethod" finished-at="2022-02-19T07:11:58 NPT" duration-ms="235" status="PASS">
          <reporter-output>
          </reporter-output>
        </test-method> <!-- afterMethod -->
        <test-method is-config="true" signature="teardown()[pri:0, instance:day12.SeleniumDay12.TestApp@6ae5aa72]" started-at="2022-02-19T07:11:58 NPT" name="teardown" finished-at="2022-02-19T07:11:58 NPT" duration-ms="243" status="PASS">
          <reporter-output>
          </reporter-output>
        </test-method> <!-- teardown -->
      </class> <!-- day12.SeleniumDay12.TestApp -->
    </test> <!-- Default test -->
  </suite> <!-- Default suite -->
</testng-results>
