<?xml version="1.0" encoding="UTF-8"?>
<testng-results ignored="0" total="1" passed="1" failed="0" skipped="0">
  <reporter-output>
  </reporter-output>
  <suite started-at="2022-02-16T07:46:34 NPT" name="Default suite" finished-at="2022-02-16T07:46:54 NPT" duration-ms="20578">
    <groups>
    </groups>
    <test started-at="2022-02-16T07:46:34 NPT" name="Default test" finished-at="2022-02-16T07:46:54 NPT" duration-ms="20578">
      <class name="day10.SeleniumDay10.TestApp">
        <test-method is-config="true" signature="setup()[pri:0, instance:day10.SeleniumDay10.TestApp@6ae5aa72]" started-at="2022-02-16T07:46:34 NPT" name="setup" finished-at="2022-02-16T07:46:34 NPT" duration-ms="168" status="PASS">
          <reporter-output>
          </reporter-output>
        </test-method> <!-- setup -->
        <test-method is-config="true" signature="beforeMethod()[pri:0, instance:day10.SeleniumDay10.TestApp@6ae5aa72]" started-at="2022-02-16T07:46:34 NPT" name="beforeMethod" finished-at="2022-02-16T07:46:36 NPT" duration-ms="1487" status="PASS">
          <reporter-output>
          </reporter-output>
        </test-method> <!-- beforeMethod -->
        <test-method signature="fillUpForm()[pri:0, instance:day10.SeleniumDay10.TestApp@6ae5aa72]" started-at="2022-02-16T07:46:36 NPT" name="fillUpForm" finished-at="2022-02-16T07:46:54 NPT" duration-ms="18332" status="PASS">
          <reporter-output>
          </reporter-output>
        </test-method> <!-- fillUpForm -->
        <test-method is-config="true" signature="afterMethod()[pri:0, instance:day10.SeleniumDay10.TestApp@6ae5aa72]" started-at="2022-02-16T07:46:54 NPT" name="afterMethod" finished-at="2022-02-16T07:46:54 NPT" duration-ms="323" status="PASS">
          <reporter-output>
          </reporter-output>
        </test-method> <!-- afterMethod -->
        <test-method is-config="true" signature="teardown()[pri:0, instance:day10.SeleniumDay10.TestApp@6ae5aa72]" started-at="2022-02-16T07:46:54 NPT" name="teardown" finished-at="2022-02-16T07:46:54 NPT" duration-ms="248" status="PASS">
          <reporter-output>
          </reporter-output>
        </test-method> <!-- teardown -->
      </class> <!-- day10.SeleniumDay10.TestApp -->
    </test> <!-- Default test -->
  </suite> <!-- Default suite -->
</testng-results>
