<?xml version="1.0" encoding="UTF-8"?>
<!-- Generated by org.testng.reporters.JUnitXMLReporter -->
<testsuite ignored="3" hostname="DESKTOP-ACCIQVM" failures="1" tests="1" name="Test(failed)(failed)" time="9.484" errors="0" timestamp="2022-03-11T06:56:24 NPT">
  <testcase classname="day20.SeleniumDay20.AppTest" name="failedTest2" time="5.437">
    <failure type="java.lang.NullPointerException" message="Cannot invoke &amp;quot;com.aventstack.extentreports.ExtentTest.info(String)&amp;quot; because &amp;quot;extentTest&amp;quot; is null">
      <![CDATA[java.lang.NullPointerException: Cannot invoke "com.aventstack.extentreports.ExtentTest.info(String)" because "extentTest" is null
at pageObjects.InternetDownloadPage.download(InternetDownloadPage.java:28)
at day20.SeleniumDay20.AppTest.failedTest2(AppTest.java:170)
at java.base/java.util.ArrayList.forEach(ArrayList.java:1511)
... Removed 27 stack frames]]>
    </failure>
  </testcase> <!-- failedTest2 -->
  <testcase classname="day20.SeleniumDay20.AppTest" name="uploadTest" time="0.0">
    <ignored/>
  </testcase> <!-- uploadTest -->
  <testcase classname="day20.SeleniumDay20.AppTest" name="failedTest1" time="0.0">
    <ignored/>
  </testcase> <!-- failedTest1 -->
  <testcase classname="day20.SeleniumDay20.AppTest" name="downloadTest" time="0.0">
    <ignored/>
  </testcase> <!-- downloadTest -->
</testsuite> <!-- Test(failed)(failed) -->
