<?xml version="1.0" encoding="UTF-8"?>
<testng-results ignored="2" total="3" passed="1" failed="0" skipped="0">
  <reporter-output>
  </reporter-output>
  <suite started-at="2022-03-15T08:09:43 NPT" name="Default suite" finished-at="2022-03-15T08:10:03 NPT" duration-ms="19435">
    <groups>
    </groups>
    <test started-at="2022-03-15T08:09:43 NPT" name="Default test" finished-at="2022-03-15T08:10:03 NPT" duration-ms="19435">
      <class name="lastDay.SeleniumDay23.AppTest">
        <test-method is-config="true" signature="setup()[pri:0, instance:lastDay.SeleniumDay23.AppTest@c8c12ac]" started-at="2022-03-15T08:09:43 NPT" name="setup" finished-at="2022-03-15T08:09:44 NPT" duration-ms="335" status="PASS">
          <reporter-output>
          </reporter-output>
        </test-method> <!-- setup -->
        <test-method is-config="true" signature="beforeMethod()[pri:0, instance:lastDay.SeleniumDay23.AppTest@c8c12ac]" started-at="2022-03-15T08:09:44 NPT" name="beforeMethod" finished-at="2022-03-15T08:09:44 NPT" duration-ms="1" status="PASS">
          <reporter-output>
          </reporter-output>
        </test-method> <!-- beforeMethod -->
        <test-method signature="writeIntoExcel()[pri:0, instance:lastDay.SeleniumDay23.AppTest@c8c12ac]" started-at="2022-03-15T08:09:44 NPT" name="writeIntoExcel" finished-at="2022-03-15T08:10:02 NPT" duration-ms="18683" status="PASS">
          <reporter-output>
          </reporter-output>
        </test-method> <!-- writeIntoExcel -->
        <test-method is-config="true" signature="afterMethod()[pri:0, instance:lastDay.SeleniumDay23.AppTest@c8c12ac]" started-at="2022-03-15T08:10:02 NPT" name="afterMethod" finished-at="2022-03-15T08:10:02 NPT" duration-ms="0" status="PASS">
          <reporter-output>
          </reporter-output>
        </test-method> <!-- afterMethod -->
        <test-method is-config="true" signature="teardown()[pri:0, instance:lastDay.SeleniumDay23.AppTest@c8c12ac]" started-at="2022-03-15T08:10:02 NPT" name="teardown" finished-at="2022-03-15T08:10:03 NPT" duration-ms="370" status="PASS">
          <reporter-output>
          </reporter-output>
        </test-method> <!-- teardown -->
      </class> <!-- lastDay.SeleniumDay23.AppTest -->
    </test> <!-- Default test -->
  </suite> <!-- Default suite -->
</testng-results>
