<?xml version="1.0" encoding="UTF-8"?>
<testng-results ignored="2" total="3" passed="1" failed="0" skipped="0">
  <reporter-output>
  </reporter-output>
  <suite started-at="2022-02-16T07:14:39 NPT" name="Default suite" finished-at="2022-02-16T07:14:54 NPT" duration-ms="15110">
    <groups>
    </groups>
    <test started-at="2022-02-16T07:14:39 NPT" name="Default test" finished-at="2022-02-16T07:14:54 NPT" duration-ms="15110">
      <class name="day9.SeleniumDay9.Runner">
        <test-method is-config="true" signature="setup()[pri:0, instance:day9.SeleniumDay9.Runner@5c5eefef]" started-at="2022-02-16T07:14:39 NPT" name="setup" finished-at="2022-02-16T07:14:39 NPT" duration-ms="169" status="PASS">
          <reporter-output>
          </reporter-output>
        </test-method> <!-- setup -->
        <test-method is-config="true" signature="beforeMethod()[pri:0, instance:day9.SeleniumDay9.Runner@5c5eefef]" started-at="2022-02-16T07:14:39 NPT" name="beforeMethod" finished-at="2022-02-16T07:14:40 NPT" duration-ms="1483" status="PASS">
          <reporter-output>
          </reporter-output>
        </test-method> <!-- beforeMethod -->
        <test-method signature="verifyLogin()[pri:0, instance:day9.SeleniumDay9.Runner@5c5eefef]" started-at="2022-02-16T07:14:40 NPT" name="verifyLogin" finished-at="2022-02-16T07:14:53 NPT" duration-ms="13003" status="PASS">
          <reporter-output>
          </reporter-output>
        </test-method> <!-- verifyLogin -->
        <test-method is-config="true" signature="afterMethod()[pri:0, instance:day9.SeleniumDay9.Runner@5c5eefef]" started-at="2022-02-16T07:14:53 NPT" name="afterMethod" finished-at="2022-02-16T07:14:54 NPT" duration-ms="183" status="PASS">
          <reporter-output>
          </reporter-output>
        </test-method> <!-- afterMethod -->
        <test-method is-config="true" signature="teardown()[pri:0, instance:day9.SeleniumDay9.Runner@5c5eefef]" started-at="2022-02-16T07:14:54 NPT" name="teardown" finished-at="2022-02-16T07:14:54 NPT" duration-ms="242" status="PASS">
          <reporter-output>
          </reporter-output>
        </test-method> <!-- teardown -->
      </class> <!-- day9.SeleniumDay9.Runner -->
    </test> <!-- Default test -->
  </suite> <!-- Default suite -->
</testng-results>
