<?xml version="1.0" encoding="UTF-8"?>
<!-- Generated by org.testng.reporters.JUnitXMLReporter -->
<testsuite ignored="3" hostname="DESKTOP-ACCIQVM" failures="0" tests="1" name="Test(failed)(failed)(failed)" time="20.212" errors="0" timestamp="2022-03-11T06:57:45 NPT">
  <testcase classname="day20.SeleniumDay20.AppTest" name="failedTest2" time="16.092"/>
  <testcase classname="day20.SeleniumDay20.AppTest" name="uploadTest" time="0.0">
    <ignored/>
  </testcase> <!-- uploadTest -->
  <testcase classname="day20.SeleniumDay20.AppTest" name="failedTest1" time="0.0">
    <ignored/>
  </testcase> <!-- failedTest1 -->
  <testcase classname="day20.SeleniumDay20.AppTest" name="downloadTest" time="0.0">
    <ignored/>
  </testcase> <!-- downloadTest -->
</testsuite> <!-- Test(failed)(failed)(failed) -->
