<?xml version="1.0" encoding="UTF-8"?>
<testng-results ignored="1" total="2" passed="1" failed="0" skipped="0">
  <reporter-output>
  </reporter-output>
  <suite started-at="2022-03-08T07:43:54 NPT" name="Default suite" finished-at="2022-03-08T07:44:06 NPT" duration-ms="12499">
    <groups>
    </groups>
    <test started-at="2022-03-08T07:43:54 NPT" name="Default test" finished-at="2022-03-08T07:44:06 NPT" duration-ms="12499">
      <class name="day18.SeleniumDay18.TestApp">
        <test-method is-config="true" signature="setup()[pri:0, instance:day18.SeleniumDay18.TestApp@2d7275fc]" started-at="2022-03-08T07:43:54 NPT" name="setup" finished-at="2022-03-08T07:43:54 NPT" duration-ms="175" status="PASS">
          <reporter-output>
          </reporter-output>
        </test-method> <!-- setup -->
        <test-method is-config="true" signature="beforeMethod()[pri:0, instance:day18.SeleniumDay18.TestApp@2d7275fc]" started-at="2022-03-08T07:43:54 NPT" name="beforeMethod" finished-at="2022-03-08T07:43:56 NPT" duration-ms="1519" status="PASS">
          <reporter-output>
          </reporter-output>
        </test-method> <!-- beforeMethod -->
        <test-method signature="tst21()[pri:0, instance:day18.SeleniumDay18.TestApp@2d7275fc]" started-at="2022-03-08T07:43:56 NPT" name="tst21" finished-at="2022-03-08T07:44:06 NPT" duration-ms="10255" status="PASS">
          <reporter-output>
          </reporter-output>
        </test-method> <!-- tst21 -->
        <test-method is-config="true" signature="afterMethod()[pri:0, instance:day18.SeleniumDay18.TestApp@2d7275fc]" started-at="2022-03-08T07:44:06 NPT" name="afterMethod" finished-at="2022-03-08T07:44:06 NPT" duration-ms="218" status="PASS">
          <reporter-output>
          </reporter-output>
        </test-method> <!-- afterMethod -->
        <test-method is-config="true" signature="teardown()[pri:0, instance:day18.SeleniumDay18.TestApp@2d7275fc]" started-at="2022-03-08T07:44:06 NPT" name="teardown" finished-at="2022-03-08T07:44:06 NPT" duration-ms="304" status="PASS">
          <reporter-output>
          </reporter-output>
        </test-method> <!-- teardown -->
      </class> <!-- day18.SeleniumDay18.TestApp -->
    </test> <!-- Default test -->
  </suite> <!-- Default suite -->
</testng-results>
