<?xml version="1.0" encoding="UTF-8"?>
<testng-results ignored="1" total="2" passed="1" failed="0" skipped="0">
  <reporter-output>
  </reporter-output>
  <suite started-at="2022-03-09T07:35:00 NPT" name="Default suite" finished-at="2022-03-09T07:35:09 NPT" duration-ms="9599">
    <groups>
    </groups>
    <test started-at="2022-03-09T07:35:00 NPT" name="Default test" finished-at="2022-03-09T07:35:09 NPT" duration-ms="9599">
      <class name="day19.SeleniumDay19.TestApp">
        <test-method is-config="true" signature="setup()[pri:0, instance:day19.SeleniumDay19.TestApp@222545dc]" started-at="2022-03-09T07:35:00 NPT" name="setup" finished-at="2022-03-09T07:35:00 NPT" duration-ms="186" status="PASS">
          <reporter-output>
          </reporter-output>
        </test-method> <!-- setup -->
        <test-method is-config="true" signature="beforeMethod()[pri:0, instance:day19.SeleniumDay19.TestApp@222545dc]" started-at="2022-03-09T07:35:00 NPT" name="beforeMethod" finished-at="2022-03-09T07:35:02 NPT" duration-ms="1981" status="PASS">
          <reporter-output>
          </reporter-output>
        </test-method> <!-- beforeMethod -->
        <test-method signature="download()[pri:0, instance:day19.SeleniumDay19.TestApp@222545dc]" started-at="2022-03-09T07:35:02 NPT" name="download" finished-at="2022-03-09T07:35:09 NPT" duration-ms="6908" status="PASS">
          <reporter-output>
          </reporter-output>
        </test-method> <!-- download -->
        <test-method is-config="true" signature="afterMethod()[pri:0, instance:day19.SeleniumDay19.TestApp@222545dc]" started-at="2022-03-09T07:35:09 NPT" name="afterMethod" finished-at="2022-03-09T07:35:09 NPT" duration-ms="264" status="PASS">
          <reporter-output>
          </reporter-output>
        </test-method> <!-- afterMethod -->
        <test-method is-config="true" signature="teardown()[pri:0, instance:day19.SeleniumDay19.TestApp@222545dc]" started-at="2022-03-09T07:35:09 NPT" name="teardown" finished-at="2022-03-09T07:35:09 NPT" duration-ms="229" status="PASS">
          <reporter-output>
          </reporter-output>
        </test-method> <!-- teardown -->
      </class> <!-- day19.SeleniumDay19.TestApp -->
    </test> <!-- Default test -->
  </suite> <!-- Default suite -->
</testng-results>
