<?xml version="1.0" encoding="UTF-8"?>
<!-- Generated by org.testng.reporters.JUnitXMLReporter -->
<testsuite ignored="1" hostname="DESKTOP-ACCIQVM" failures="0" tests="1" name="Default test" time="12.499" errors="0" timestamp="2022-03-08T07:44:06 NPT">
  <testcase classname="day18.SeleniumDay18.TestApp" name="tst21" time="10.255"/>
  <testcase classname="day18.SeleniumDay18.TestApp" name="handlingSeleniumExceptions" time="0.0">
    <ignored/>
  </testcase> <!-- handlingSeleniumExceptions -->
</testsuite> <!-- Default test -->
