<?xml version="1.0" encoding="UTF-8"?>
<testng-results ignored="0" total="1" passed="1" failed="0" skipped="0">
  <reporter-output>
  </reporter-output>
  <suite started-at="2022-03-01T07:26:41 NPT" name="Default suite" finished-at="2022-03-01T07:26:52 NPT" duration-ms="10844">
    <groups>
    </groups>
    <test started-at="2022-03-01T07:26:41 NPT" name="Default test" finished-at="2022-03-01T07:26:52 NPT" duration-ms="10844">
      <class name="day13.SeleniumDay13.TestApp">
        <test-method is-config="true" signature="setup()[pri:0, instance:day13.SeleniumDay13.TestApp@6ae5aa72]" started-at="2022-03-01T07:26:41 NPT" name="setup" finished-at="2022-03-01T07:26:41 NPT" duration-ms="193" status="PASS">
          <reporter-output>
          </reporter-output>
        </test-method> <!-- setup -->
        <test-method is-config="true" signature="beforeMethod()[pri:0, instance:day13.SeleniumDay13.TestApp@6ae5aa72]" started-at="2022-03-01T07:26:41 NPT" name="beforeMethod" finished-at="2022-03-01T07:26:43 NPT" duration-ms="1395" status="PASS">
          <reporter-output>
          </reporter-output>
        </test-method> <!-- beforeMethod -->
        <test-method signature="googleSearch()[pri:0, instance:day13.SeleniumDay13.TestApp@6ae5aa72]" started-at="2022-03-01T07:26:43 NPT" name="googleSearch" finished-at="2022-03-01T07:26:51 NPT" duration-ms="8783" status="PASS">
          <reporter-output>
          </reporter-output>
        </test-method> <!-- googleSearch -->
        <test-method is-config="true" signature="afterMethod()[pri:0, instance:day13.SeleniumDay13.TestApp@6ae5aa72]" started-at="2022-03-01T07:26:51 NPT" name="afterMethod" finished-at="2022-03-01T07:26:51 NPT" duration-ms="186" status="PASS">
          <reporter-output>
          </reporter-output>
        </test-method> <!-- afterMethod -->
        <test-method is-config="true" signature="teardown()[pri:0, instance:day13.SeleniumDay13.TestApp@6ae5aa72]" started-at="2022-03-01T07:26:51 NPT" name="teardown" finished-at="2022-03-01T07:26:52 NPT" duration-ms="259" status="PASS">
          <reporter-output>
          </reporter-output>
        </test-method> <!-- teardown -->
      </class> <!-- day13.SeleniumDay13.TestApp -->
    </test> <!-- Default test -->
  </suite> <!-- Default suite -->
</testng-results>
