<?xml version="1.0" encoding="UTF-8"?>
<!-- Generated by org.testng.reporters.JUnitXMLReporter -->
<testsuite ignored="1" hostname="DESKTOP-ACCIQVM" failures="0" tests="1" name="Default test" time="9.599" errors="0" timestamp="2022-03-09T07:35:09 NPT">
  <testcase classname="day19.SeleniumDay19.TestApp" name="download" time="6.908"/>
  <testcase classname="day19.SeleniumDay19.TestApp" name="desiredCaps" time="0.0">
    <ignored/>
  </testcase> <!-- desiredCaps -->
</testsuite> <!-- Default test -->
