<?xml version="1.0" encoding="UTF-8"?>
<testng-results ignored="2" total="3" passed="1" failed="0" skipped="0">
  <reporter-output>
  </reporter-output>
  <suite started-at="2022-02-10T07:36:34 NPT" name="Default suite" finished-at="2022-02-10T07:36:42 NPT" duration-ms="7972">
    <groups>
    </groups>
    <test started-at="2022-02-10T07:36:34 NPT" name="Default test" finished-at="2022-02-10T07:36:42 NPT" duration-ms="7972">
      <class name="day8.SeleniumDay8.Runner">
        <test-method is-config="true" signature="setup()[pri:0, instance:day8.SeleniumDay8.Runner@5c5eefef]" started-at="2022-02-10T07:36:34 NPT" name="setup" finished-at="2022-02-10T07:36:34 NPT" duration-ms="181" status="PASS">
          <reporter-output>
          </reporter-output>
        </test-method> <!-- setup -->
        <test-method is-config="true" signature="beforeMethod()[pri:0, instance:day8.SeleniumDay8.Runner@5c5eefef]" started-at="2022-02-10T07:36:34 NPT" name="beforeMethod" finished-at="2022-02-10T07:36:36 NPT" duration-ms="1389" status="PASS">
          <reporter-output>
          </reporter-output>
        </test-method> <!-- beforeMethod -->
        <test-method signature="calculateTax()[pri:0, instance:day8.SeleniumDay8.Runner@5c5eefef]" started-at="2022-02-10T07:36:36 NPT" name="calculateTax" finished-at="2022-02-10T07:36:41 NPT" duration-ms="5647" status="PASS">
          <reporter-output>
          </reporter-output>
        </test-method> <!-- calculateTax -->
        <test-method is-config="true" signature="afterMethod()[pri:0, instance:day8.SeleniumDay8.Runner@5c5eefef]" started-at="2022-02-10T07:36:41 NPT" name="afterMethod" finished-at="2022-02-10T07:36:42 NPT" duration-ms="529" status="PASS">
          <reporter-output>
          </reporter-output>
        </test-method> <!-- afterMethod -->
        <test-method is-config="true" signature="teardown()[pri:0, instance:day8.SeleniumDay8.Runner@5c5eefef]" started-at="2022-02-10T07:36:42 NPT" name="teardown" finished-at="2022-02-10T07:36:42 NPT" duration-ms="202" status="PASS">
          <reporter-output>
          </reporter-output>
        </test-method> <!-- teardown -->
      </class> <!-- day8.SeleniumDay8.Runner -->
    </test> <!-- Default test -->
  </suite> <!-- Default suite -->
</testng-results>
