<?xml version="1.0" encoding="UTF-8"?>
<testng-results ignored="1" total="2" passed="1" failed="0" skipped="0">
  <reporter-output>
  </reporter-output>
  <suite started-at="2022-03-05T08:04:00 NPT" name="Default suite" finished-at="2022-03-05T08:04:16 NPT" duration-ms="16753">
    <groups>
    </groups>
    <test started-at="2022-03-05T08:04:00 NPT" name="Default test" finished-at="2022-03-05T08:04:16 NPT" duration-ms="16753">
      <class name="day15.SeleniumDay15.Main">
        <test-method is-config="true" signature="setup()[pri:0, instance:day15.SeleniumDay15.Main@6ae5aa72]" started-at="2022-03-05T08:04:00 NPT" name="setup" finished-at="2022-03-05T08:04:00 NPT" duration-ms="162" status="PASS">
          <reporter-output>
          </reporter-output>
        </test-method> <!-- setup -->
        <test-method is-config="true" signature="beforeMethod()[pri:0, instance:day15.SeleniumDay15.Main@6ae5aa72]" started-at="2022-03-05T08:04:00 NPT" name="beforeMethod" finished-at="2022-03-05T08:04:01 NPT" duration-ms="1386" status="PASS">
          <reporter-output>
          </reporter-output>
        </test-method> <!-- beforeMethod -->
        <test-method signature="handleAuthPopups()[pri:0, instance:day15.SeleniumDay15.Main@6ae5aa72]" started-at="2022-03-05T08:04:01 NPT" name="handleAuthPopups" finished-at="2022-03-05T08:04:16 NPT" duration-ms="14834" status="PASS">
          <reporter-output>
          </reporter-output>
        </test-method> <!-- handleAuthPopups -->
        <test-method is-config="true" signature="afterMethod()[pri:0, instance:day15.SeleniumDay15.Main@6ae5aa72]" started-at="2022-03-05T08:04:16 NPT" name="afterMethod" finished-at="2022-03-05T08:04:16 NPT" duration-ms="125" status="PASS">
          <reporter-output>
          </reporter-output>
        </test-method> <!-- afterMethod -->
        <test-method is-config="true" signature="teardown()[pri:0, instance:day15.SeleniumDay15.Main@6ae5aa72]" started-at="2022-03-05T08:04:16 NPT" name="teardown" finished-at="2022-03-05T08:04:16 NPT" duration-ms="225" status="PASS">
          <reporter-output>
          </reporter-output>
        </test-method> <!-- teardown -->
      </class> <!-- day15.SeleniumDay15.Main -->
    </test> <!-- Default test -->
  </suite> <!-- Default suite -->
</testng-results>
