<?xml version="1.0" encoding="UTF-8"?>
<testng-results ignored="0" total="1" passed="1" failed="0" skipped="0">
  <reporter-output>
  </reporter-output>
  <suite started-at="2022-02-17T07:42:34 NPT" name="Default suite" finished-at="2022-02-17T07:42:38 NPT" duration-ms="4456">
    <groups>
    </groups>
    <test started-at="2022-02-17T07:42:34 NPT" name="Default test" finished-at="2022-02-17T07:42:38 NPT" duration-ms="4456">
      <class name="day11.SeleniumDay11.TestApp">
        <test-method is-config="true" signature="setup()[pri:0, instance:day11.SeleniumDay11.TestApp@6ae5aa72]" started-at="2022-02-17T07:42:34 NPT" name="setup" finished-at="2022-02-17T07:42:34 NPT" duration-ms="182" status="PASS">
          <reporter-output>
          </reporter-output>
        </test-method> <!-- setup -->
        <test-method is-config="true" signature="beforeMethod()[pri:0, instance:day11.SeleniumDay11.TestApp@6ae5aa72]" started-at="2022-02-17T07:42:34 NPT" name="beforeMethod" finished-at="2022-02-17T07:42:35 NPT" duration-ms="1415" status="PASS">
          <reporter-output>
          </reporter-output>
        </test-method> <!-- beforeMethod -->
        <test-method signature="displayTable()[pri:0, instance:day11.SeleniumDay11.TestApp@6ae5aa72]" started-at="2022-02-17T07:42:35 NPT" name="displayTable" finished-at="2022-02-17T07:42:38 NPT" duration-ms="2354" status="PASS">
          <reporter-output>
          </reporter-output>
        </test-method> <!-- displayTable -->
        <test-method is-config="true" signature="afterMethod()[pri:0, instance:day11.SeleniumDay11.TestApp@6ae5aa72]" started-at="2022-02-17T07:42:38 NPT" name="afterMethod" finished-at="2022-02-17T07:42:38 NPT" duration-ms="218" status="PASS">
          <reporter-output>
          </reporter-output>
        </test-method> <!-- afterMethod -->
        <test-method is-config="true" signature="teardown()[pri:0, instance:day11.SeleniumDay11.TestApp@6ae5aa72]" started-at="2022-02-17T07:42:38 NPT" name="teardown" finished-at="2022-02-17T07:42:38 NPT" duration-ms="261" status="PASS">
          <reporter-output>
          </reporter-output>
        </test-method> <!-- teardown -->
      </class> <!-- day11.SeleniumDay11.TestApp -->
    </test> <!-- Default test -->
  </suite> <!-- Default suite -->
</testng-results>
