<?xml version="1.0" encoding="UTF-8"?>
<!-- Generated by org.testng.reporters.JUnitXMLReporter -->
<testsuite ignored="2" hostname="DESKTOP-ACCIQVM" failures="0" tests="1" name="Default test" time="7.972" errors="0" timestamp="2022-02-10T07:36:42 NPT">
  <testcase classname="day8.SeleniumDay8.Runner" name="calculateTax" time="5.647"/>
  <testcase classname="day8.SeleniumDay8.Runner" name="scrollToAboutUs" time="0.0">
    <ignored/>
  </testcase> <!-- scrollToAboutUs -->
  <testcase classname="day8.SeleniumDay8.Runner" name="dragAndDrop" time="0.0">
    <ignored/>
  </testcase> <!-- dragAndDrop -->
</testsuite> <!-- Default test -->
