<?xml version="1.0" encoding="UTF-8"?>
<!-- Generated by org.testng.reporters.JUnitXMLReporter -->
<testsuite ignored="0" hostname="DESKTOP-ACCIQVM" failures="1" tests="2" name="Test" time="20.389" errors="0" timestamp="2022-03-10T21:20:43 NPT">
  <testcase classname="day20.SeleniumDay20.AppTest" name="downloadTest" time="4.544">
    <failure type="java.lang.NullPointerException" message="Cannot invoke &amp;quot;org.openqa.selenium.SearchContext.findElement(org.openqa.selenium.By)&amp;quot; because &amp;quot;this.searchContext&amp;quot; is null">
      <![CDATA[java.lang.NullPointerException: Cannot invoke "org.openqa.selenium.SearchContext.findElement(org.openqa.selenium.By)" because "this.searchContext" is null
at org.openqa.selenium.support.pagefactory.DefaultElementLocator.findElement(DefaultElementLocator.java:70)
at org.openqa.selenium.support.pagefactory.internal.LocatingElementHandler.invoke(LocatingElementHandler.java:39)
at jdk.proxy2/jdk.proxy2.$Proxy19.getText(Unknown Source)
at pageObjects.InternetDownloadPage.download(InternetDownloadPage.java:28)
at day20.SeleniumDay20.AppTest.downloadTest(AppTest.java:135)
at java.base/java.util.ArrayList.forEach(ArrayList.java:1511)
... Removed 27 stack frames]]>
    </failure>
  </testcase> <!-- downloadTest -->
  <testcase classname="day20.SeleniumDay20.AppTest" name="uploadTest" time="8.533"/>
</testsuite> <!-- Test -->
