<?xml version="1.0" encoding="UTF-8"?>
<!-- Generated by org.testng.reporters.JUnitXMLReporter -->
<testsuite ignored="3" hostname="DESKTOP-ACCIQVM" failures="0" tests="1" name="Default test" time="16.556" errors="0" timestamp="2022-03-03T07:11:07 NPT">
  <testcase classname="day14.SeleniumDay14.MainApp" name="handlingTabs2" time="14.567"/>
  <testcase classname="day14.SeleniumDay14.MainApp" name="handlingTabs" time="0.0">
    <ignored/>
  </testcase> <!-- handlingTabs -->
  <testcase classname="day14.SeleniumDay14.MainApp" name="browserNavigation" time="0.0">
    <ignored/>
  </testcase> <!-- browserNavigation -->
  <testcase classname="day14.SeleniumDay14.MainApp" name="handlingWindow" time="0.0">
    <ignored/>
  </testcase> <!-- handlingWindow -->
</testsuite> <!-- Default test -->
